::1 - - [05/Dec/2018:10:41:01 +0000] "GET /phpmyadmin/import.php HTTP/1.1" 200 7946
::1 - - [05/Dec/2018:10:41:04 +0000] "GET /phpmyadmin/themes/pmahomme/jquery/jquery-ui-1.9.2.custom.css HTTP/1.1" 304 -
::1 - - [05/Dec/2018:10:41:04 +0000] "GET /phpmyadmin/themes/pmahomme/img/logo_right.png HTTP/1.1" 304 -
::1 - - [05/Dec/2018:10:41:05 +0000] "GET /phpmyadmin/themes/dot.gif HTTP/1.1" 304 -
::1 - - [05/Dec/2018:10:41:04 +0000] "GET /phpmyadmin/phpmyadmin.css.php?server=1&token=90b684673811a8b8e9641c5aacc70a54&nocache=4631508964ltr HTTP/1.1" 200 88608
::1 - - [05/Dec/2018:10:41:04 +0000] "GET /phpmyadmin/js/messages.php?lang=en&db=&server=0&token=6de23b4b495096bcbecb6153e2cdc75a HTTP/1.1" 200 16674
::1 - - [05/Dec/2018:10:41:04 +0000] "GET /phpmyadmin/js/get_image.js.php?theme=pmahomme HTTP/1.1" 200 6263
::1 - - [05/Dec/2018:10:41:04 +0000] "GET /phpmyadmin/js/get_scripts.js.php?scripts[]=jquery/jquery-1.8.3.js&scripts[]=ajax.js&scripts[]=keyhandler.js&scripts[]=jquery/jquery-ui-1.9.2.custom.js&scripts[]=jquery/jquery.sprintf.js&scripts[]=jquery/jquery.cookie.js&scripts[]=jquery/jquery.mousewheel.js&scripts[]=jquery/jquery.event.drag-2.2.js&scripts[]=jquery/jquery-ui-timepicker-addon.js&scripts[]=jquery/jquery.ba-hashchange-1.3.js&scripts[]=jquery/jquery.debounce-1.0.5.js&scripts[]=jquery/jquery.menuResizer-1.0.js&scripts[]=rte.js&scripts[]=functions.js&scripts[]=navigation.js&scripts[]=indexes.js&scripts[]=common.js&scripts[]=codemirror/lib/codemirror.js&scripts[]=codemirror/mode/mysql/mysql.js HTTP/1.1" 200 578562
::1 - - [05/Dec/2018:10:41:05 +0000] "GET /phpmyadmin/themes/pmahomme/img/sprites.png HTTP/1.1" 304 -
::1 - - [05/Dec/2018:10:41:11 +0000] "POST /phpmyadmin/index.php HTTP/1.1" 302 -
::1 - - [05/Dec/2018:10:41:11 +0000] "GET /phpmyadmin/index.php?target=import.php&token=90b684673811a8b8e9641c5aacc70a54 HTTP/1.1" 200 12505
::1 - - [05/Dec/2018:10:41:12 +0000] "GET /phpmyadmin/themes/pmahomme/img/logo_left.png HTTP/1.1" 304 -
::1 - - [05/Dec/2018:10:41:12 +0000] "GET /phpmyadmin/themes/pmahomme/img/ajax_clock_small.gif HTTP/1.1" 304 -
::1 - - [05/Dec/2018:10:41:12 +0000] "GET /phpmyadmin/js/messages.php?lang=en&db=&server=0&token=90b684673811a8b8e9641c5aacc70a54 HTTP/1.1" 200 16674
::1 - - [05/Dec/2018:10:41:12 +0000] "GET /phpmyadmin/phpmyadmin.css.php?server=1&token=90b684673811a8b8e9641c5aacc70a54&nocache=6175515435ltr HTTP/1.1" 200 88608
::1 - - [05/Dec/2018:10:41:12 +0000] "GET /phpmyadmin/themes/pmahomme/img/left_nav_bg.png HTTP/1.1" 304 -
::1 - - [05/Dec/2018:10:41:29 +0000] "GET /phpmyadmin/server_databases.php?db=&token=90b684673811a8b8e9641c5aacc70a54&ajax_request=true&ajax_page_request=true&menuHashes=7dfd28bf&_nocache=1544006489845367139 HTTP/1.1" 200 286
::1 - - [05/Dec/2018:10:41:31 +0000] "GET /phpmyadmin/db_structure.php?server=1&db=titanicdb&token=90b684673811a8b8e9641c5aacc70a54&ajax_request=true&ajax_page_request=true&menuHashes=7dfd28bf&_nocache=1544006491130189120 HTTP/1.1" 200 286
::1 - - [05/Dec/2018:10:41:35 +0000] "GET /phpmyadmin/db_structure.php?server=1&db=titanicdb&token=90b684673811a8b8e9641c5aacc70a54&ajax_request=true&ajax_page_request=true&menuHashes=7dfd28bf&_nocache=154400649543252324 HTTP/1.1" 200 286
::1 - - [05/Dec/2018:10:41:36 +0000] "GET /phpmyadmin/index.php?target=import.php&token=90b684673811a8b8e9641c5aacc70a54 HTTP/1.1" 200 7946
::1 - - [05/Dec/2018:10:41:36 +0000] "GET /phpmyadmin/js/messages.php?lang=en&db=&server=0&token=b8148627643218a76d73b926ce8e3d3a HTTP/1.1" 200 16674
::1 - - [05/Dec/2018:10:41:36 +0000] "GET /phpmyadmin/phpmyadmin.css.php?server=1&token=de421a4ad5e86f38f2ed87154603d1bb&nocache=4631508964ltr HTTP/1.1" 200 88608
::1 - - [05/Dec/2018:10:41:37 +0000] "GET /phpmyadmin/index.php?db=&table=&server=1&target=import.php&token=90b684673811a8b8e9641c5aacc70a54 HTTP/1.1" 200 7911
::1 - - [05/Dec/2018:10:41:37 +0000] "GET /phpmyadmin/js/messages.php?lang=en&db=&token=de421a4ad5e86f38f2ed87154603d1bb HTTP/1.1" 200 16674
::1 - - [05/Dec/2018:10:41:37 +0000] "GET /phpmyadmin/phpmyadmin.css.php?server=1&token=d7c14eefea9256c83f89e25d5ee0b4db&nocache=4631508964ltr HTTP/1.1" 200 88608
::1 - - [05/Dec/2018:10:41:40 +0000] "POST /phpmyadmin/index.php HTTP/1.1" 302 -
::1 - - [05/Dec/2018:10:41:40 +0000] "GET /phpmyadmin/index.php?target=import.php&token=d7c14eefea9256c83f89e25d5ee0b4db HTTP/1.1" 200 12505
::1 - - [05/Dec/2018:10:41:41 +0000] "GET /phpmyadmin/js/messages.php?lang=en&db=&server=0&token=d7c14eefea9256c83f89e25d5ee0b4db HTTP/1.1" 200 16674
::1 - - [05/Dec/2018:10:41:41 +0000] "GET /phpmyadmin/phpmyadmin.css.php?server=1&token=d7c14eefea9256c83f89e25d5ee0b4db&nocache=6175515465ltr HTTP/1.1" 200 88608
::1 - - [05/Dec/2018:10:41:52 +0000] "GET / HTTP/1.1" 200 79539
::1 - - [05/Dec/2018:10:41:52 +0000] "GET /style.css HTTP/1.1" 304 -
::1 - - [05/Dec/2018:10:41:52 +0000] "GET /index.php?=PHPE9568F34-D428-11d2-A769-00AA001ACF42 HTTP/1.1" 200 2524
::1 - - [05/Dec/2018:10:41:52 +0000] "GET /index.php?=PHPE9568F35-D428-11d2-A769-00AA001ACF42 HTTP/1.1" 200 2146
::1 - - [05/Dec/2018:10:41:52 +0000] "GET /images/header.png HTTP/1.1" 304 -
::1 - - [05/Dec/2018:10:41:52 +0000] "GET /images/menu.jpg HTTP/1.1" 304 -
::1 - - [05/Dec/2018:10:41:52 +0000] "GET /images/background.jpg HTTP/1.1" 304 -
::1 - - [05/Dec/2018:10:41:52 +0000] "GET /images/menuleft.jpg HTTP/1.1" 304 -
::1 - - [05/Dec/2018:10:41:52 +0000] "GET /images/menuright.jpg HTTP/1.1" 304 -
::1 - - [05/Dec/2018:10:41:52 +0000] "GET /images/topcontent.jpg HTTP/1.1" 304 -
::1 - - [05/Dec/2018:10:41:52 +0000] "GET /images/banner.jpg HTTP/1.1" 304 -
::1 - - [05/Dec/2018:10:41:52 +0000] "GET /images/content.jpg HTTP/1.1" 304 -
::1 - - [05/Dec/2018:10:41:53 +0000] "GET /favicon.ico HTTP/1.1" 404 209
::1 - - [05/Dec/2018:10:42:03 +0000] "GET /phpmyadmin/ HTTP/1.1" 200 7945
::1 - - [05/Dec/2018:10:42:03 +0000] "GET /phpmyadmin/js/messages.php?lang=en&db=&server=0&token=d927d292ec4eb6707232ca8fe81c9023 HTTP/1.1" 200 16674
::1 - - [05/Dec/2018:10:42:03 +0000] "GET /phpmyadmin/phpmyadmin.css.php?server=1&token=0547255f215ea70983511c7623bef8d9&nocache=4631508964ltr HTTP/1.1" 200 88608
::1 - - [05/Dec/2018:10:42:08 +0000] "POST /phpmyadmin/index.php HTTP/1.1" 302 -
::1 - - [05/Dec/2018:10:42:08 +0000] "GET /phpmyadmin/index.php?token=0547255f215ea70983511c7623bef8d9 HTTP/1.1" 200 43713
::1 - - [05/Dec/2018:10:42:08 +0000] "GET /phpmyadmin/js/messages.php?lang=en&db=&server=0&token=0547255f215ea70983511c7623bef8d9 HTTP/1.1" 200 16674
::1 - - [05/Dec/2018:10:42:08 +0000] "GET /phpmyadmin/phpmyadmin.css.php?server=1&token=0547255f215ea70983511c7623bef8d9&nocache=6175515492ltr HTTP/1.1" 200 88608
::1 - - [05/Dec/2018:10:42:08 +0000] "GET /phpmyadmin/version_check.php?&_nocache=1544006528938148981 HTTP/1.1" 200 39
::1 - - [05/Dec/2018:10:42:11 +0000] "GET /phpmyadmin/db_structure.php?server=1&db=titanicdb&token=0547255f215ea70983511c7623bef8d9&ajax_request=true&ajax_page_request=true&menuHashes=0b52b9a2&_nocache=1544006531225238663 HTTP/1.1" 200 20999
::1 - - [05/Dec/2018:10:42:11 +0000] "GET /phpmyadmin/themes/pmahomme/img/arrow_ltr.png HTTP/1.1" 304 -
::1 - - [05/Dec/2018:10:42:11 +0000] "GET /phpmyadmin/js/get_scripts.js.php?scripts[]=db_structure.js&scripts[]=tbl_change.js HTTP/1.1" 200 12382
::1 - - [05/Dec/2018:10:42:16 +0000] "GET /phpmyadmin/db_structure.php?server=1&db=titanicdb&token=0547255f215ea70983511c7623bef8d9&ajax_request=true&ajax_page_request=true&menuHashes=0b52b9a2-63c38613&_nocache=1544006536970608078 HTTP/1.1" 200 17889
::1 - - [05/Dec/2018:10:42:23 +0000] "GET /phpmyadmin/sql.php?db=titanicdb&token=0547255f215ea70983511c7623bef8d9&goto=db_structure.php&table=table+2&pos=0&ajax_request=true&ajax_page_request=true&menuHashes=0b52b9a2-63c38613&_nocache=154400654301883139 HTTP/1.1" 200 41805
::1 - - [05/Dec/2018:10:42:23 +0000] "GET /phpmyadmin/js/get_scripts.js.php?scripts[]=tbl_structure.js&scripts[]=gis_data_editor.js&scripts[]=makegrid.js&scripts[]=sql.js HTTP/1.1" 200 50287
::1 - - [05/Dec/2018:10:42:24 +0000] "GET /phpmyadmin/themes/pmahomme/img/col_pointer.png HTTP/1.1" 304 -
::1 - - [05/Dec/2018:10:42:24 +0000] "GET /phpmyadmin/index.php?ajax_request=1&recent_table=1&token=0547255f215ea70983511c7623bef8d9 HTTP/1.1" 200 216
::1 - - [05/Dec/2018:10:42:28 +0000] "GET /phpmyadmin/db_structure.php?server=1&db=titanicdb&token=0547255f215ea70983511c7623bef8d9&ajax_request=true&ajax_page_request=true&menuHashes=0b52b9a2-63c38613-841b59a2&_nocache=1544006548148868058 HTTP/1.1" 200 17889
::1 - - [05/Dec/2018:10:42:33 +0000] "GET /phpmyadmin/sql.php?db=titanicdb&token=0547255f215ea70983511c7623bef8d9&goto=db_structure.php&table=dwarf&pos=0&ajax_request=true&ajax_page_request=true&menuHashes=0b52b9a2-63c38613-841b59a2&_nocache=1544006553840357319 HTTP/1.1" 200 10165
::1 - - [05/Dec/2018:10:42:34 +0000] "GET /phpmyadmin/index.php?ajax_request=1&recent_table=1&token=0547255f215ea70983511c7623bef8d9 HTTP/1.1" 200 338
::1 - - [05/Dec/2018:10:42:35 +0000] "GET /phpmyadmin/db_structure.php?server=1&db=titanicdb&token=0547255f215ea70983511c7623bef8d9&ajax_request=true&ajax_page_request=true&menuHashes=0b52b9a2-63c38613-841b59a2-93d278af&_nocache=1544006555103849701 HTTP/1.1" 200 17889
::1 - - [05/Dec/2018:10:42:36 +0000] "GET /phpmyadmin/db_structure.php?server=1&db=dwarfsdb&token=0547255f215ea70983511c7623bef8d9&ajax_request=true&ajax_page_request=true&menuHashes=0b52b9a2-63c38613-841b59a2-93d278af&_nocache=1544006556713119617 HTTP/1.1" 200 15310
::1 - - [05/Dec/2018:10:42:38 +0000] "GET /phpmyadmin/db_structure.php?server=1&db=titanicdb&token=0547255f215ea70983511c7623bef8d9&ajax_request=true&ajax_page_request=true&menuHashes=0b52b9a2-63c38613-841b59a2-93d278af-757d91bf&_nocache=1544006558224663506 HTTP/1.1" 200 17889
::1 - - [05/Dec/2018:10:42:44 +0000] "POST /phpmyadmin/db_structure.php HTTP/1.1" 200 3532
::1 - - [05/Dec/2018:10:42:46 +0000] "POST /phpmyadmin/db_structure.php HTTP/1.1" 200 12392
::1 - - [05/Dec/2018:10:42:47 +0000] "POST /phpmyadmin/navigation.php?ajax_request=1&token=0547255f215ea70983511c7623bef8d9 HTTP/1.1" 200 1906
::1 - - [05/Dec/2018:10:42:49 +0000] "GET /phpmyadmin/sql.php?db=titanicdb&token=0547255f215ea70983511c7623bef8d9&goto=db_structure.php&table=hibernate_sequence&pos=0&ajax_request=true&ajax_page_request=true&menuHashes=0b52b9a2-63c38613-841b59a2-93d278af-757d91bf&_nocache=1544006569391758012 HTTP/1.1" 200 16277
::1 - - [05/Dec/2018:10:42:49 +0000] "GET /phpmyadmin/index.php?ajax_request=1&recent_table=1&token=0547255f215ea70983511c7623bef8d9 HTTP/1.1" 200 486
::1 - - [05/Dec/2018:10:42:51 +0000] "GET /phpmyadmin/db_structure.php?server=1&db=titanicdb&token=0547255f215ea70983511c7623bef8d9&ajax_request=true&ajax_page_request=true&menuHashes=0b52b9a2-63c38613-841b59a2-93d278af-757d91bf-05de4e37&_nocache=1544006571082308904 HTTP/1.1" 200 12342
::1 - - [05/Dec/2018:10:42:56 +0000] "POST /phpmyadmin/navigation.php?ajax_request=1&token=0547255f215ea70983511c7623bef8d9 HTTP/1.1" 200 1906
::1 - - [05/Dec/2018:10:42:57 +0000] "POST /phpmyadmin/navigation.php?ajax_request=1&token=0547255f215ea70983511c7623bef8d9 HTTP/1.1" 200 1906
::1 - - [05/Dec/2018:10:43:00 +0000] "GET /phpmyadmin/sql.php?db=titanicdb&token=0547255f215ea70983511c7623bef8d9&goto=db_structure.php&table=passenger&pos=0&ajax_request=true&ajax_page_request=true&menuHashes=0b52b9a2-63c38613-841b59a2-93d278af-757d91bf-05de4e37&_nocache=1544006580273258906 HTTP/1.1" 200 117485
::1 - - [05/Dec/2018:10:43:00 +0000] "GET /phpmyadmin/index.php?ajax_request=1&recent_table=1&token=0547255f215ea70983511c7623bef8d9 HTTP/1.1" 200 616
::1 - - [05/Dec/2018:10:43:00 +0000] "GET /phpmyadmin/themes/pmahomme/img/col_drop.png HTTP/1.1" 304 -
::1 - - [05/Dec/2018:10:43:00 +0000] "GET /phpmyadmin/themes/pmahomme/img/s_fulltext.png HTTP/1.1" 304 -
::1 - - [05/Dec/2018:15:51:51 +0000] "GET /phpmyadmin/tbl_structure.php?db=titanicdb&table=passenger&token=0547255f215ea70983511c7623bef8d9&ajax_request=true&ajax_page_request=true&menuHashes=0b52b9a2-63c38613-841b59a2-93d278af-757d91bf-05de4e37-f4bcc86f&_nocache=1544025111699213336 HTTP/1.1" 200 292
::1 - - [05/Dec/2018:15:51:53 +0000] "GET /phpmyadmin/index.php?token=0547255f215ea70983511c7623bef8d9 HTTP/1.1" 200 8091
::1 - - [05/Dec/2018:15:51:54 +0000] "GET /phpmyadmin/themes/pmahomme/jquery/jquery-ui-1.9.2.custom.css HTTP/1.1" 304 -
::1 - - [05/Dec/2018:15:51:54 +0000] "GET /phpmyadmin/themes/pmahomme/img/logo_right.png HTTP/1.1" 304 -
::1 - - [05/Dec/2018:15:51:54 +0000] "GET /phpmyadmin/themes/dot.gif HTTP/1.1" 304 -
::1 - - [05/Dec/2018:15:51:54 +0000] "GET /phpmyadmin/js/get_image.js.php?theme=pmahomme HTTP/1.1" 200 6263
::1 - - [05/Dec/2018:15:51:54 +0000] "GET /phpmyadmin/js/messages.php?lang=en&db=&server=0&token=0547255f215ea70983511c7623bef8d9 HTTP/1.1" 200 16674
::1 - - [05/Dec/2018:15:51:54 +0000] "GET /phpmyadmin/phpmyadmin.css.php?server=1&token=0547255f215ea70983511c7623bef8d9&nocache=4631508964ltr HTTP/1.1" 200 88608
::1 - - [05/Dec/2018:15:51:54 +0000] "GET /phpmyadmin/js/get_scripts.js.php?scripts[]=jquery/jquery-1.8.3.js&scripts[]=ajax.js&scripts[]=keyhandler.js&scripts[]=jquery/jquery-ui-1.9.2.custom.js&scripts[]=jquery/jquery.sprintf.js&scripts[]=jquery/jquery.cookie.js&scripts[]=jquery/jquery.mousewheel.js&scripts[]=jquery/jquery.event.drag-2.2.js&scripts[]=jquery/jquery-ui-timepicker-addon.js&scripts[]=jquery/jquery.ba-hashchange-1.3.js&scripts[]=jquery/jquery.debounce-1.0.5.js&scripts[]=jquery/jquery.menuResizer-1.0.js&scripts[]=rte.js&scripts[]=functions.js&scripts[]=navigation.js&scripts[]=indexes.js&scripts[]=common.js&scripts[]=codemirror/lib/codemirror.js&scripts[]=codemirror/mode/mysql/mysql.js HTTP/1.1" 200 578562
::1 - - [05/Dec/2018:15:51:54 +0000] "GET /phpmyadmin/sql.php?db=titanicdb&table=passenger&server=1&target=&token=0547255f215ea70983511c7623bef8d9 HTTP/1.1" 200 8213
::1 - - [05/Dec/2018:15:51:54 +0000] "GET /phpmyadmin/js/messages.php?lang=en&db=titanicdb&token=0547255f215ea70983511c7623bef8d9 HTTP/1.1" 200 16674
::1 - - [05/Dec/2018:15:51:54 +0000] "GET /phpmyadmin/themes/pmahomme/img/sprites.png HTTP/1.1" 304 -
::1 - - [05/Dec/2018:15:51:59 +0000] "POST /phpmyadmin/index.php HTTP/1.1" 302 -
::1 - - [05/Dec/2018:15:51:59 +0000] "GET /phpmyadmin/index.php?db=titanicdb&table=passenger&target=sql.php&token=0547255f215ea70983511c7623bef8d9 HTTP/1.1" 200 119904
::1 - - [05/Dec/2018:15:52:00 +0000] "GET /phpmyadmin/themes/pmahomme/img/ajax_clock_small.gif HTTP/1.1" 304 -
::1 - - [05/Dec/2018:15:52:00 +0000] "GET /phpmyadmin/themes/pmahomme/img/logo_left.png HTTP/1.1" 304 -
::1 - - [05/Dec/2018:15:52:00 +0000] "GET /phpmyadmin/js/messages.php?lang=en&db=titanicdb&server=0&token=0547255f215ea70983511c7623bef8d9 HTTP/1.1" 200 16674
::1 - - [05/Dec/2018:15:52:00 +0000] "GET /phpmyadmin/phpmyadmin.css.php?server=1&token=0547255f215ea70983511c7623bef8d9&nocache=6175515492ltr HTTP/1.1" 200 88608
::1 - - [05/Dec/2018:15:52:00 +0000] "GET /phpmyadmin/themes/pmahomme/img/s_fulltext.png HTTP/1.1" 304 -
::1 - - [05/Dec/2018:15:52:00 +0000] "GET /phpmyadmin/themes/pmahomme/img/arrow_ltr.png HTTP/1.1" 304 -
::1 - - [05/Dec/2018:15:52:00 +0000] "GET /phpmyadmin/js/get_scripts.js.php?scripts[]=jquery/jquery-1.8.3.js&scripts[]=ajax.js&scripts[]=keyhandler.js&scripts[]=jquery/jquery-ui-1.9.2.custom.js&scripts[]=jquery/jquery.sprintf.js&scripts[]=jquery/jquery.cookie.js&scripts[]=jquery/jquery.mousewheel.js&scripts[]=jquery/jquery.event.drag-2.2.js&scripts[]=jquery/jquery-ui-timepicker-addon.js&scripts[]=jquery/jquery.ba-hashchange-1.3.js&scripts[]=jquery/jquery.debounce-1.0.5.js&scripts[]=jquery/jquery.menuResizer-1.0.js&scripts[]=rte.js&scripts[]=functions.js&scripts[]=navigation.js&scripts[]=indexes.js&scripts[]=common.js&scripts[]=tbl_change.js&scripts[]=tbl_structure.js&scripts[]=gis_data_editor.js&scripts[]=makegrid.js&scripts[]=sql.js&scripts[]=codemirror/lib/codemirror.js&scripts[]=codemirror/mode/mysql/mysql.js HTTP/1.1" 200 635864
::1 - - [05/Dec/2018:15:52:00 +0000] "GET /phpmyadmin/themes/pmahomme/img/left_nav_bg.png HTTP/1.1" 304 -
::1 - - [05/Dec/2018:15:52:00 +0000] "GET /phpmyadmin/index.php?ajax_request=1&recent_table=1&token=0547255f215ea70983511c7623bef8d9 HTTP/1.1" 200 616
::1 - - [05/Dec/2018:15:52:00 +0000] "GET /phpmyadmin/themes/pmahomme/img/col_pointer.png HTTP/1.1" 304 -
::1 - - [05/Dec/2018:15:52:00 +0000] "GET /phpmyadmin/themes/pmahomme/img/col_drop.png HTTP/1.1" 304 -
::1 - - [05/Dec/2018:15:52:11 +0000] "GET /phpmyadmin/tbl_structure.php?db=titanicdb&table=passenger&token=0547255f215ea70983511c7623bef8d9&ajax_request=true&ajax_page_request=true&menuHashes=de7e5c2e&_nocache=1544025131471925294 HTTP/1.1" 200 64007
::1 - - [05/Dec/2018:15:52:11 +0000] "GET /phpmyadmin/index.php?ajax_request=1&recent_table=1&token=0547255f215ea70983511c7623bef8d9 HTTP/1.1" 200 616
