2018-12-03 11:53:07 11716 [Note] Plugin 'FEDERATED' is disabled.
2018-12-03 11:53:07 11716 [Note] InnoDB: The InnoDB memory heap is disabled
2018-12-03 11:53:07 11716 [Note] InnoDB: Mutexes and rw_locks use Windows interlocked functions
2018-12-03 11:53:07 11716 [Note] InnoDB: Compressed tables use zlib 1.2.3
2018-12-03 11:53:07 11716 [Note] InnoDB: Not using CPU crc32 instructions
2018-12-03 11:53:07 11716 [Note] InnoDB: Initializing buffer pool, size = 128.0M
2018-12-03 11:53:07 11716 [Note] InnoDB: Completed initialization of buffer pool
2018-12-03 11:53:08 11716 [Note] InnoDB: Setting log file C:\Users\poi18161670\Documents\EclipseProjects\USBWebserver v8.6\mysql\data\ib_logfile101 size to 5 MB
2018-12-03 11:53:08 11716 [Note] InnoDB: Setting log file C:\Users\poi18161670\Documents\EclipseProjects\USBWebserver v8.6\mysql\data\ib_logfile1 size to 5 MB
2018-12-03 11:53:08 11716 [Note] InnoDB: Renaming log file C:\Users\poi18161670\Documents\EclipseProjects\USBWebserver v8.6\mysql\data\ib_logfile101 to C:\Users\poi18161670\Documents\EclipseProjects\USBWebserver v8.6\mysql\data\ib_logfile0
2018-12-03 11:53:08 11716 [Warning] InnoDB: New log files created, LSN=1626134
2018-12-03 11:53:08 11716 [Note] InnoDB: Highest supported file format is Barracuda.
2018-12-03 11:53:10 11716 [Note] InnoDB: 128 rollback segment(s) are active.
2018-12-03 11:53:10 11716 [Note] InnoDB: Waiting for purge to start
2018-12-03 11:53:10 11716 [Note] InnoDB: 5.6.13 started; log sequence number 1626636
2018-12-03 11:53:10 11716 [Warning] No existing UUID has been found, so we assume that this is the first time that this server has been started. Generating a new UUID: 01b0acbb-f6f2-11e8-a7d0-40a8f04297dc.
2018-12-03 11:53:10 11716 [Note] Server hostname (bind-address): '*'; port: 3307
2018-12-03 11:53:10 11716 [Note] IPv6 is available.
2018-12-03 11:53:10 11716 [Note]   - '::' resolves to '::';
2018-12-03 11:53:10 11716 [Note] Server socket created on IP: '::'.
2018-12-03 12:14:13 9396 [Note] Plugin 'FEDERATED' is disabled.
2018-12-03 12:14:13 9396 [Note] InnoDB: The InnoDB memory heap is disabled
2018-12-03 12:14:13 9396 [Note] InnoDB: Mutexes and rw_locks use Windows interlocked functions
2018-12-03 12:14:13 9396 [Note] InnoDB: Compressed tables use zlib 1.2.3
2018-12-03 12:14:13 9396 [Note] InnoDB: Not using CPU crc32 instructions
2018-12-03 12:14:13 9396 [Note] InnoDB: Initializing buffer pool, size = 128.0M
2018-12-03 12:14:13 9396 [Note] InnoDB: Completed initialization of buffer pool
2018-12-03 12:14:13 9396 [Note] InnoDB: Highest supported file format is Barracuda.
2018-12-03 12:14:13 9396 [Note] InnoDB: The log sequence numbers 1626134 and 1626134 in ibdata files do not match the log sequence number 1626646 in the ib_logfiles!
2018-12-03 12:14:13 9396 [Note] InnoDB: Database was not shutdown normally!
2018-12-03 12:14:13 9396 [Note] InnoDB: Starting crash recovery.
2018-12-03 12:14:13 9396 [Note] InnoDB: Reading tablespace information from the .ibd files...
2018-12-03 12:14:13 9396 [Note] InnoDB: Restoring possible half-written data pages 
2018-12-03 12:14:13 9396 [Note] InnoDB: from the doublewrite buffer...
2018-12-03 12:14:13 9396 [Note] InnoDB: 128 rollback segment(s) are active.
2018-12-03 12:14:13 9396 [Note] InnoDB: Waiting for purge to start
2018-12-03 12:14:14 9396 [Note] InnoDB: 5.6.13 started; log sequence number 1626646
2018-12-03 12:14:14 9396 [Note] Server hostname (bind-address): '*'; port: 3307
2018-12-03 12:14:14 9396 [Note] IPv6 is available.
2018-12-03 12:14:14 9396 [Note]   - '::' resolves to '::';
2018-12-03 12:14:14 9396 [Note] Server socket created on IP: '::'.
2018-12-03 12:15:39 7692 [Note] Plugin 'FEDERATED' is disabled.
2018-12-03 12:15:39 7692 [Note] InnoDB: The InnoDB memory heap is disabled
2018-12-03 12:15:39 7692 [Note] InnoDB: Mutexes and rw_locks use Windows interlocked functions
2018-12-03 12:15:39 7692 [Note] InnoDB: Compressed tables use zlib 1.2.3
2018-12-03 12:15:39 7692 [Note] InnoDB: Not using CPU crc32 instructions
2018-12-03 12:15:39 7692 [Note] InnoDB: Initializing buffer pool, size = 128.0M
2018-12-03 12:15:39 7692 [Note] InnoDB: Completed initialization of buffer pool
2018-12-03 12:15:39 7692 [Note] InnoDB: Highest supported file format is Barracuda.
2018-12-03 12:15:39 7692 [Note] InnoDB: The log sequence numbers 1626134 and 1626134 in ibdata files do not match the log sequence number 1626656 in the ib_logfiles!
2018-12-03 12:15:39 7692 [Note] InnoDB: Database was not shutdown normally!
2018-12-03 12:15:39 7692 [Note] InnoDB: Starting crash recovery.
2018-12-03 12:15:39 7692 [Note] InnoDB: Reading tablespace information from the .ibd files...
2018-12-03 12:15:39 7692 [Note] InnoDB: Restoring possible half-written data pages 
2018-12-03 12:15:39 7692 [Note] InnoDB: from the doublewrite buffer...
2018-12-03 12:15:40 7692 [Note] InnoDB: 128 rollback segment(s) are active.
2018-12-03 12:15:40 7692 [Note] InnoDB: Waiting for purge to start
2018-12-03 12:15:40 7692 [Note] InnoDB: 5.6.13 started; log sequence number 1626656
2018-12-03 12:15:40 7692 [Note] Server hostname (bind-address): '*'; port: 3307
2018-12-03 12:15:40 7692 [Note] IPv6 is available.
2018-12-03 12:15:40 7692 [Note]   - '::' resolves to '::';
2018-12-03 12:15:40 7692 [Note] Server socket created on IP: '::'.
2018-12-03 12:20:00 13104 [Note] Plugin 'FEDERATED' is disabled.
2018-12-03 12:20:00 13104 [Note] InnoDB: The InnoDB memory heap is disabled
2018-12-03 12:20:00 13104 [Note] InnoDB: Mutexes and rw_locks use Windows interlocked functions
2018-12-03 12:20:00 13104 [Note] InnoDB: Compressed tables use zlib 1.2.3
2018-12-03 12:20:00 13104 [Note] InnoDB: Not using CPU crc32 instructions
2018-12-03 12:20:00 13104 [Note] InnoDB: Initializing buffer pool, size = 128.0M
2018-12-03 12:20:00 13104 [Note] InnoDB: Completed initialization of buffer pool
2018-12-03 12:20:00 13104 [Note] InnoDB: Highest supported file format is Barracuda.
2018-12-03 12:20:00 13104 [Note] InnoDB: The log sequence numbers 1626134 and 1626134 in ibdata files do not match the log sequence number 1626666 in the ib_logfiles!
2018-12-03 12:20:00 13104 [Note] InnoDB: Database was not shutdown normally!
2018-12-03 12:20:00 13104 [Note] InnoDB: Starting crash recovery.
2018-12-03 12:20:00 13104 [Note] InnoDB: Reading tablespace information from the .ibd files...
2018-12-03 12:20:00 13104 [Note] InnoDB: Restoring possible half-written data pages 
2018-12-03 12:20:00 13104 [Note] InnoDB: from the doublewrite buffer...
2018-12-03 12:20:00 13104 [Note] InnoDB: 128 rollback segment(s) are active.
2018-12-03 12:20:00 13104 [Note] InnoDB: Waiting for purge to start
2018-12-03 12:20:01 13104 [Note] InnoDB: 5.6.13 started; log sequence number 1626666
2018-12-03 12:20:01 13104 [Note] Server hostname (bind-address): '*'; port: 3333
2018-12-03 12:20:01 13104 [Note] IPv6 is available.
2018-12-03 12:20:01 13104 [Note]   - '::' resolves to '::';
2018-12-03 12:20:01 13104 [Note] Server socket created on IP: '::'.
2018-12-03 14:15:55 820 [Note] Plugin 'FEDERATED' is disabled.
2018-12-03 14:15:55 820 [Note] InnoDB: The InnoDB memory heap is disabled
2018-12-03 14:15:55 820 [Note] InnoDB: Mutexes and rw_locks use Windows interlocked functions
2018-12-03 14:15:55 820 [Note] InnoDB: Compressed tables use zlib 1.2.3
2018-12-03 14:15:55 820 [Note] InnoDB: Not using CPU crc32 instructions
2018-12-03 14:15:55 820 [Note] InnoDB: Initializing buffer pool, size = 128.0M
2018-12-03 14:15:55 820 [Note] InnoDB: Completed initialization of buffer pool
2018-12-03 14:15:55 820 [Note] InnoDB: Highest supported file format is Barracuda.
2018-12-03 14:15:55 820 [Note] InnoDB: The log sequence numbers 1626134 and 1626134 in ibdata files do not match the log sequence number 1689681 in the ib_logfiles!
2018-12-03 14:15:55 820 [Note] InnoDB: Database was not shutdown normally!
2018-12-03 14:15:55 820 [Note] InnoDB: Starting crash recovery.
2018-12-03 14:15:55 820 [Note] InnoDB: Reading tablespace information from the .ibd files...
2018-12-03 14:15:55 820 [Note] InnoDB: Restoring possible half-written data pages 
2018-12-03 14:15:55 820 [Note] InnoDB: from the doublewrite buffer...
2018-12-03 14:15:56 820 [Note] InnoDB: 128 rollback segment(s) are active.
2018-12-03 14:15:56 820 [Note] InnoDB: Waiting for purge to start
2018-12-03 14:15:56 820 [Note] InnoDB: 5.6.13 started; log sequence number 1689681
2018-12-03 14:15:56 820 [Note] Server hostname (bind-address): '*'; port: 3333
2018-12-03 14:15:56 820 [Note] IPv6 is available.
2018-12-03 14:15:56 820 [Note]   - '::' resolves to '::';
2018-12-03 14:15:56 820 [Note] Server socket created on IP: '::'.
